<?xml version="1.0" encoding="UTF-8"?>
<coverage generated="1686908778864" clover="3.2.0">
  <project timestamp="1686908778865" name="All files">
    <metrics statements="29" coveredstatements="23" conditionals="9" coveredconditionals="9" methods="12" coveredmethods="7" elements="50" coveredelements="39" complexity="0" loc="29" ncloc="29" packages="1" files="4" classes="4"/>
    <file name="discord.js" path="/home/arick/Documents/Labs/Tutos/Web/JS/Test/test-in-javascript/libs/discord.js">
      <metrics statements="5" coveredstatements="5" conditionals="0" coveredconditionals="0" methods="3" coveredmethods="3"/>
      <line num="1" count="1" type="stmt"/>
      <line num="7" count="2" type="stmt"/>
      <line num="8" count="2" type="stmt"/>
      <line num="10" count="1" type="stmt"/>
      <line num="12" count="1" type="stmt"/>
    </file>
    <file name="functions.js" path="/home/arick/Documents/Labs/Tutos/Web/JS/Test/test-in-javascript/libs/functions.js">
      <metrics statements="8" coveredstatements="5" conditionals="7" coveredconditionals="7" methods="5" coveredmethods="2"/>
      <line num="1" count="1" type="stmt"/>
      <line num="3" count="1" type="stmt"/>
      <line num="6" count="8" type="cond" truecount="2" falsecount="0"/>
      <line num="13" count="2" type="stmt"/>
      <line num="15" count="6" type="stmt"/>
      <line num="18" count="0" type="stmt"/>
      <line num="19" count="0" type="stmt"/>
      <line num="20" count="0" type="stmt"/>
    </file>
    <file name="interval.js" path="/home/arick/Documents/Labs/Tutos/Web/JS/Test/test-in-javascript/libs/interval.js">
      <metrics statements="9" coveredstatements="9" conditionals="2" coveredconditionals="2" methods="1" coveredmethods="1"/>
      <line num="1" count="1" type="stmt"/>
      <line num="3" count="3" type="stmt"/>
      <line num="4" count="3" type="stmt"/>
      <line num="5" count="3" type="stmt"/>
      <line num="6" count="3" type="cond" truecount="2" falsecount="0"/>
      <line num="7" count="1" type="stmt"/>
      <line num="8" count="1" type="stmt"/>
      <line num="10" count="3" type="stmt"/>
      <line num="11" count="3" type="stmt"/>
    </file>
    <file name="user.js" path="/home/arick/Documents/Labs/Tutos/Web/JS/Test/test-in-javascript/libs/user.js">
      <metrics statements="7" coveredstatements="4" conditionals="0" coveredconditionals="0" methods="3" coveredmethods="1"/>
      <line num="1" count="1" type="stmt"/>
      <line num="2" count="1" type="stmt"/>
      <line num="4" count="2" type="stmt"/>
      <line num="5" count="2" type="stmt"/>
      <line num="8" count="0" type="stmt"/>
      <line num="9" count="0" type="stmt"/>
      <line num="11" count="0" type="stmt"/>
    </file>
  </project>
</coverage>
