{"/home/arick/Documents/Labs/Tutos/Web/JS/Test/test-in-javascript/libs/discord.js": {"path":"/home/arick/Documents/Labs/Tutos/Web/JS/Test/test-in-javascript/libs/discord.js","statementMap":{"0":{"start":{"line":1,"column":0},"end":{"line":15,"column":2}},"1":{"start":{"line":7,"column":4},"end":{"line":7,"column":42}},"2":{"start":{"line":8,"column":4},"end":{"line":13,"column":9}},"3":{"start":{"line":10,"column":20},"end":{"line":10,"column":35}},"4":{"start":{"line":12,"column":8},"end":{"line":12,"column":30}}},"fnMap":{"0":{"name":"(anonymous_0)","decl":{"start":{"line":6,"column":2},"end":{"line":6,"column":3}},"loc":{"start":{"line":6,"column":22},"end":{"line":14,"column":3}},"line":6},"1":{"name":"(anonymous_1)","decl":{"start":{"line":10,"column":12},"end":{"line":10,"column":13}},"loc":{"start":{"line":10,"column":20},"end":{"line":10,"column":35}},"line":10},"2":{"name":"(anonymous_2)","decl":{"start":{"line":11,"column":13},"end":{"line":11,"column":14}},"loc":{"start":{"line":11,"column":19},"end":{"line":13,"column":7}},"line":11}},"branchMap":{},"s":{"0":1,"1":2,"2":2,"3":1,"4":1},"f":{"0":2,"1":1,"2":1},"b":{},"_coverageSchema":"1a1c01bbd47fc00a2c39e90264f33305004495a9","hash":"4ce80d3e96ecc77968f884c8e405bc60c3783cdd"}
,"/home/arick/Documents/Labs/Tutos/Web/JS/Test/test-in-javascript/libs/functions.js": {"path":"/home/arick/Documents/Labs/Tutos/Web/JS/Test/test-in-javascript/libs/functions.js","statementMap":{"0":{"start":{"line":1,"column":0},"end":{"line":24,"column":2}},"1":{"start":{"line":3,"column":4},"end":{"line":3,"column":17}},"2":{"start":{"line":6,"column":4},"end":{"line":14,"column":5}},"3":{"start":{"line":13,"column":6},"end":{"line":13,"column":39}},"4":{"start":{"line":15,"column":4},"end":{"line":15,"column":17}},"5":{"start":{"line":18,"column":4},"end":{"line":22,"column":7}},"6":{"start":{"line":19,"column":6},"end":{"line":21,"column":20}},"7":{"start":{"line":20,"column":8},"end":{"line":20,"column":18}}},"fnMap":{"0":{"name":"(anonymous_0)","decl":{"start":{"line":2,"column":2},"end":{"line":2,"column":3}},"loc":{"start":{"line":2,"column":12},"end":{"line":4,"column":3}},"line":2},"1":{"name":"(anonymous_1)","decl":{"start":{"line":5,"column":2},"end":{"line":5,"column":3}},"loc":{"start":{"line":5,"column":14},"end":{"line":16,"column":3}},"line":5},"2":{"name":"(anonymous_2)","decl":{"start":{"line":17,"column":2},"end":{"line":17,"column":3}},"loc":{"start":{"line":17,"column":18},"end":{"line":23,"column":3}},"line":17},"3":{"name":"(anonymous_3)","decl":{"start":{"line":18,"column":23},"end":{"line":18,"column":24}},"loc":{"start":{"line":18,"column":44},"end":{"line":22,"column":5}},"line":18},"4":{"name":"(anonymous_4)","decl":{"start":{"line":19,"column":17},"end":{"line":19,"column":18}},"loc":{"start":{"line":19,"column":23},"end":{"line":21,"column":7}},"line":19}},"branchMap":{"0":{"loc":{"start":{"line":6,"column":4},"end":{"line":14,"column":5}},"type":"if","locations":[{"start":{"line":6,"column":4},"end":{"line":14,"column":5}},{"start":{},"end":{}}],"line":6},"1":{"loc":{"start":{"line":7,"column":6},"end":{"line":11,"column":27}},"type":"binary-expr","locations":[{"start":{"line":7,"column":6},"end":{"line":7,"column":13}},{"start":{"line":8,"column":6},"end":{"line":8,"column":21}},{"start":{"line":9,"column":6},"end":{"line":9,"column":21}},{"start":{"line":10,"column":6},"end":{"line":10,"column":27}},{"start":{"line":11,"column":6},"end":{"line":11,"column":27}}],"line":7}},"s":{"0":1,"1":1,"2":8,"3":2,"4":6,"5":0,"6":0,"7":0},"f":{"0":1,"1":8,"2":0,"3":0,"4":0},"b":{"0":[2,6],"1":[8,6,6,6,6]},"_coverageSchema":"1a1c01bbd47fc00a2c39e90264f33305004495a9","hash":"4f4aa55cd83d6b2219eb6b3d1f8b4c264f4796df"}
,"/home/arick/Documents/Labs/Tutos/Web/JS/Test/test-in-javascript/libs/interval.js": {"path":"/home/arick/Documents/Labs/Tutos/Web/JS/Test/test-in-javascript/libs/interval.js","statementMap":{"0":{"start":{"line":1,"column":0},"end":{"line":18,"column":2}},"1":{"start":{"line":3,"column":4},"end":{"line":3,"column":31}},"2":{"start":{"line":4,"column":18},"end":{"line":4,"column":20}},"3":{"start":{"line":5,"column":18},"end":{"line":5,"column":19}},"4":{"start":{"line":6,"column":4},"end":{"line":9,"column":5}},"5":{"start":{"line":7,"column":6},"end":{"line":7,"column":41}},"6":{"start":{"line":8,"column":6},"end":{"line":8,"column":36}},"7":{"start":{"line":10,"column":4},"end":{"line":10,"column":38}},"8":{"start":{"line":11,"column":4},"end":{"line":16,"column":6}}},"fnMap":{"0":{"name":"(anonymous_0)","decl":{"start":{"line":2,"column":2},"end":{"line":2,"column":3}},"loc":{"start":{"line":2,"column":20},"end":{"line":17,"column":3}},"line":2}},"branchMap":{"0":{"loc":{"start":{"line":6,"column":4},"end":{"line":9,"column":5}},"type":"if","locations":[{"start":{"line":6,"column":4},"end":{"line":9,"column":5}},{"start":{},"end":{}}],"line":6}},"s":{"0":1,"1":3,"2":3,"3":3,"4":3,"5":1,"6":1,"7":3,"8":3},"f":{"0":3},"b":{"0":[1,2]},"_coverageSchema":"1a1c01bbd47fc00a2c39e90264f33305004495a9","hash":"4e794af11dce788b512ebeea1bbf4d8809d031c9"}
,"/home/arick/Documents/Labs/Tutos/Web/JS/Test/test-in-javascript/libs/user.js": {"path":"/home/arick/Documents/Labs/Tutos/Web/JS/Test/test-in-javascript/libs/user.js","statementMap":{"0":{"start":{"line":1,"column":14},"end":{"line":1,"column":30}},"1":{"start":{"line":2,"column":0},"end":{"line":13,"column":2}},"2":{"start":{"line":4,"column":18},"end":{"line":4,"column":67}},"3":{"start":{"line":5,"column":4},"end":{"line":5,"column":30}},"4":{"start":{"line":8,"column":18},"end":{"line":10,"column":5}},"5":{"start":{"line":9,"column":15},"end":{"line":9,"column":23}},"6":{"start":{"line":11,"column":4},"end":{"line":11,"column":30}}},"fnMap":{"0":{"name":"(anonymous_0)","decl":{"start":{"line":3,"column":2},"end":{"line":3,"column":3}},"loc":{"start":{"line":3,"column":26},"end":{"line":6,"column":3}},"line":3},"1":{"name":"(anonymous_1)","decl":{"start":{"line":7,"column":2},"end":{"line":7,"column":3}},"loc":{"start":{"line":7,"column":31},"end":{"line":12,"column":3}},"line":7},"2":{"name":"(anonymous_2)","decl":{"start":{"line":9,"column":6},"end":{"line":9,"column":7}},"loc":{"start":{"line":9,"column":15},"end":{"line":9,"column":23}},"line":9}},"branchMap":{},"s":{"0":1,"1":1,"2":2,"3":2,"4":0,"5":0,"6":0},"f":{"0":2,"1":0,"2":0},"b":{},"_coverageSchema":"1a1c01bbd47fc00a2c39e90264f33305004495a9","hash":"db2cceef3e2f4a2be9ecfabdf13d229fc4ddea15"}
}
