TN:
SF:libs/discord.js
FN:6,(anonymous_0)
FN:10,(anonymous_1)
FN:11,(anonymous_2)
FNF:3
FNH:3
FNDA:2,(anonymous_0)
FNDA:1,(anonymous_1)
FNDA:1,(anonymous_2)
DA:1,1
DA:7,2
DA:8,2
DA:10,1
DA:12,1
LF:5
LH:5
BRF:0
BRH:0
end_of_record
TN:
SF:libs/functions.js
FN:2,(anonymous_0)
FN:5,(anonymous_1)
FN:17,(anonymous_2)
FN:18,(anonymous_3)
FN:19,(anonymous_4)
FNF:5
FNH:2
FNDA:1,(anonymous_0)
FNDA:8,(anonymous_1)
FNDA:0,(anonymous_2)
FNDA:0,(anonymous_3)
FNDA:0,(anonymous_4)
DA:1,1
DA:3,1
DA:6,8
DA:13,2
DA:15,6
DA:18,0
DA:19,0
DA:20,0
LF:8
LH:5
BRDA:6,0,0,2
BRDA:6,0,1,6
BRDA:7,1,0,8
BRDA:7,1,1,6
BRDA:7,1,2,6
BRDA:7,1,3,6
BRDA:7,1,4,6
BRF:7
BRH:7
end_of_record
TN:
SF:libs/interval.js
FN:2,(anonymous_0)
FNF:1
FNH:1
FNDA:3,(anonymous_0)
DA:1,1
DA:3,3
DA:4,3
DA:5,3
DA:6,3
DA:7,1
DA:8,1
DA:10,3
DA:11,3
LF:9
LH:9
BRDA:6,0,0,1
BRDA:6,0,1,2
BRF:2
BRH:2
end_of_record
TN:
SF:libs/user.js
FN:3,(anonymous_0)
FN:7,(anonymous_1)
FN:9,(anonymous_2)
FNF:3
FNH:1
FNDA:2,(anonymous_0)
FNDA:0,(anonymous_1)
FNDA:0,(anonymous_2)
DA:1,1
DA:2,1
DA:4,2
DA:5,2
DA:8,0
DA:9,0
DA:11,0
LF:7
LH:4
BRF:0
BRH:0
end_of_record
